2012/06/25 11:03:12 [error] [exception.CException] exception 'CException' with message 'Filter "inlineFilterName" is invalid. Controller "GreetingController" does not have the filter method "filterinlineFilterName".' in /opt/lampp/htdocs/yii/framework/web/filters/CInlineFilter.php:47
Stack trace:
#0 /opt/lampp/htdocs/yii/framework/web/filters/CFilterChain.php(73): CInlineFilter::create(Object(GreetingController), 'inlineFilterNam...')
#1 /opt/lampp/htdocs/yii/framework/web/CController.php(292): CFilterChain::create(Object(GreetingController), Object(CInlineAction), Array)
#2 /opt/lampp/htdocs/yii/framework/web/CController.php(266): CController->runActionWithFilters(Object(CInlineAction), Array)
#3 /opt/lampp/htdocs/yii/framework/web/CWebApplication.php(276): CController->run('')
#4 /opt/lampp/htdocs/yii/framework/web/CWebApplication.php(135): CWebApplication->runController('greeting')
#5 /opt/lampp/htdocs/yii/framework/base/CApplication.php(162): CWebApplication->processRequest()
#6 /opt/lampp/htdocs/test/index.php(13): CApplication->run()
#7 {main}
REQUEST_URI=/test/index.php?r=greeting
HTTP_REFERER=http://localhost/test/index.php?r=gii/controller
---
2012/06/28 07:24:21 [error] [exception.CHttpException.404] exception 'CHttpException' with message 'The system is unable to find the requested action "index".' in /opt/lampp/htdocs/yii/framework/web/CController.php:484
Stack trace:
#0 /opt/lampp/htdocs/yii/framework/web/CController.php(271): CController->missingAction('')
#1 /opt/lampp/htdocs/yii/framework/web/CWebApplication.php(276): CController->run('')
#2 /opt/lampp/htdocs/yii/framework/web/CWebApplication.php(135): CWebApplication->runController('message')
#3 /opt/lampp/htdocs/yii/framework/base/CApplication.php(162): CWebApplication->processRequest()
#4 /opt/lampp/htdocs/test/index.php(13): CApplication->run()
#5 {main}
REQUEST_URI=/test/index.php/message
HTTP_REFERER=http://localhost/test/index.php/gii/controller
---
2012/06/28 07:24:29 [error] [exception.CHttpException.404] exception 'CHttpException' with message 'The system is unable to find the requested action "index".' in /opt/lampp/htdocs/yii/framework/web/CController.php:484
Stack trace:
#0 /opt/lampp/htdocs/yii/framework/web/CController.php(271): CController->missingAction('')
#1 /opt/lampp/htdocs/yii/framework/web/CWebApplication.php(276): CController->run('')
#2 /opt/lampp/htdocs/yii/framework/web/CWebApplication.php(135): CWebApplication->runController('message')
#3 /opt/lampp/htdocs/yii/framework/base/CApplication.php(162): CWebApplication->processRequest()
#4 /opt/lampp/htdocs/test/index.php(13): CApplication->run()
#5 {main}
REQUEST_URI=/test/message
---
2012/06/28 07:24:33 [error] [exception.CHttpException.404] exception 'CHttpException' with message 'The system is unable to find the requested action "index".' in /opt/lampp/htdocs/yii/framework/web/CController.php:484
Stack trace:
#0 /opt/lampp/htdocs/yii/framework/web/CController.php(271): CController->missingAction('')
#1 /opt/lampp/htdocs/yii/framework/web/CWebApplication.php(276): CController->run('')
#2 /opt/lampp/htdocs/yii/framework/web/CWebApplication.php(135): CWebApplication->runController('message')
#3 /opt/lampp/htdocs/yii/framework/base/CApplication.php(162): CWebApplication->processRequest()
#4 /opt/lampp/htdocs/test/index.php(13): CApplication->run()
#5 {main}
REQUEST_URI=/test/message
---
2012/06/28 07:24:34 [error] [exception.CHttpException.404] exception 'CHttpException' with message 'The system is unable to find the requested action "index".' in /opt/lampp/htdocs/yii/framework/web/CController.php:484
Stack trace:
#0 /opt/lampp/htdocs/yii/framework/web/CController.php(271): CController->missingAction('')
#1 /opt/lampp/htdocs/yii/framework/web/CWebApplication.php(276): CController->run('')
#2 /opt/lampp/htdocs/yii/framework/web/CWebApplication.php(135): CWebApplication->runController('message')
#3 /opt/lampp/htdocs/yii/framework/base/CApplication.php(162): CWebApplication->processRequest()
#4 /opt/lampp/htdocs/test/index.php(13): CApplication->run()
#5 {main}
REQUEST_URI=/test/message
---
2012/06/28 07:24:53 [error] [exception.CHttpException.404] exception 'CHttpException' with message 'The system is unable to find the requested action "index".' in /opt/lampp/htdocs/yii/framework/web/CController.php:484
Stack trace:
#0 /opt/lampp/htdocs/yii/framework/web/CController.php(271): CController->missingAction('')
#1 /opt/lampp/htdocs/yii/framework/web/CWebApplication.php(276): CController->run('')
#2 /opt/lampp/htdocs/yii/framework/web/CWebApplication.php(135): CWebApplication->runController('message')
#3 /opt/lampp/htdocs/yii/framework/base/CApplication.php(162): CWebApplication->processRequest()
#4 /opt/lampp/htdocs/test/index.php(13): CApplication->run()
#5 {main}
REQUEST_URI=/test/message
---
2012/06/28 07:29:02 [error] [exception.CException] exception 'CException' with message 'Property "GreetingController.1340861342" is not defined.' in /opt/lampp/htdocs/yii/framework/base/CComponent.php:131
Stack trace:
#0 /opt/lampp/htdocs/test/protected/views/greeting/index.php(6): CComponent->__get('1340861342')
#1 /opt/lampp/htdocs/yii/framework/web/CBaseController.php(127): require('/opt/lampp/htdo...')
#2 /opt/lampp/htdocs/yii/framework/web/CBaseController.php(96): CBaseController->renderInternal('/opt/lampp/htdo...', Array, true)
#3 /opt/lampp/htdocs/yii/framework/web/CController.php(870): CBaseController->renderFile('/opt/lampp/htdo...', Array, true)
#4 /opt/lampp/htdocs/yii/framework/web/CController.php(783): CController->renderPartial('index', Array, true)
#5 /opt/lampp/htdocs/test/protected/controllers/GreetingController.php(9): CController->render('index', Array)
#6 /opt/lampp/htdocs/yii/framework/web/actions/CInlineAction.php(50): GreetingController->actionIndex()
#7 /opt/lampp/htdocs/yii/framework/web/CController.php(309): CInlineAction->runWithParams(Array)
#8 /opt/lampp/htdocs/yii/framework/web/CController.php(287): CController->runAction(Object(CInlineAction))
#9 /opt/lampp/htdocs/yii/framework/web/CController.php(266): CController->runActionWithFilters(Object(CInlineAction), Array)
#10 /opt/lampp/htdocs/yii/framework/web/CWebApplication.php(276): CController->run('')
#11 /opt/lampp/htdocs/yii/framework/web/CWebApplication.php(135): CWebApplication->runController('greeting')
#12 /opt/lampp/htdocs/yii/framework/base/CApplication.php(162): CWebApplication->processRequest()
#13 /opt/lampp/htdocs/test/index.php(13): CApplication->run()
#14 {main}
REQUEST_URI=/test/greeting
---
2012/06/28 07:29:23 [error] [php] Undefined variable: thetime (/opt/lampp/htdocs/test/protected/views/greeting/index.php:6)
Stack trace:
#0 /opt/lampp/htdocs/yii/framework/web/CController.php(870): GreetingController->renderFile()
#1 /opt/lampp/htdocs/yii/framework/web/CController.php(783): GreetingController->renderPartial()
#2 /opt/lampp/htdocs/test/protected/controllers/GreetingController.php(9): GreetingController->render()
#3 /opt/lampp/htdocs/yii/framework/web/actions/CInlineAction.php(50): GreetingController->actionIndex()
#4 /opt/lampp/htdocs/yii/framework/web/CController.php(309): CInlineAction->runWithParams()
#5 /opt/lampp/htdocs/yii/framework/web/CController.php(287): GreetingController->runAction()
#6 /opt/lampp/htdocs/yii/framework/web/CController.php(266): GreetingController->runActionWithFilters()
#7 /opt/lampp/htdocs/yii/framework/web/CWebApplication.php(276): GreetingController->run()
#8 /opt/lampp/htdocs/yii/framework/web/CWebApplication.php(135): CWebApplication->runController()
#9 /opt/lampp/htdocs/yii/framework/base/CApplication.php(162): CWebApplication->processRequest()
#10 /opt/lampp/htdocs/test/index.php(13): CWebApplication->run()
REQUEST_URI=/test/greeting
in /opt/lampp/htdocs/test/protected/views/greeting/index.php (6)
in /opt/lampp/htdocs/test/protected/controllers/GreetingController.php (9)
in /opt/lampp/htdocs/test/index.php (13)
2012/06/28 07:30:26 [error] [php] Undefined variable: thetime (/opt/lampp/htdocs/test/protected/views/greeting/index.php:5)
Stack trace:
#0 /opt/lampp/htdocs/yii/framework/web/CController.php(870): GreetingController->renderFile()
#1 /opt/lampp/htdocs/yii/framework/web/CController.php(783): GreetingController->renderPartial()
#2 /opt/lampp/htdocs/test/protected/controllers/GreetingController.php(9): GreetingController->render()
#3 /opt/lampp/htdocs/yii/framework/web/actions/CInlineAction.php(50): GreetingController->actionIndex()
#4 /opt/lampp/htdocs/yii/framework/web/CController.php(309): CInlineAction->runWithParams()
#5 /opt/lampp/htdocs/yii/framework/web/CController.php(287): GreetingController->runAction()
#6 /opt/lampp/htdocs/yii/framework/web/CController.php(266): GreetingController->runActionWithFilters()
#7 /opt/lampp/htdocs/yii/framework/web/CWebApplication.php(276): GreetingController->run()
#8 /opt/lampp/htdocs/yii/framework/web/CWebApplication.php(135): CWebApplication->runController()
#9 /opt/lampp/htdocs/yii/framework/base/CApplication.php(162): CWebApplication->processRequest()
#10 /opt/lampp/htdocs/test/index.php(13): CWebApplication->run()
REQUEST_URI=/test/greeting
in /opt/lampp/htdocs/test/protected/views/greeting/index.php (5)
in /opt/lampp/htdocs/test/protected/controllers/GreetingController.php (9)
in /opt/lampp/htdocs/test/index.php (13)
2012/06/28 07:31:13 [error] [php] Undefined variable: thetime (/opt/lampp/htdocs/test/protected/views/greeting/index.php:5)
Stack trace:
#0 /opt/lampp/htdocs/yii/framework/web/CController.php(870): GreetingController->renderFile()
#1 /opt/lampp/htdocs/yii/framework/web/CController.php(783): GreetingController->renderPartial()
#2 /opt/lampp/htdocs/test/protected/controllers/GreetingController.php(9): GreetingController->render()
#3 /opt/lampp/htdocs/yii/framework/web/actions/CInlineAction.php(50): GreetingController->actionIndex()
#4 /opt/lampp/htdocs/yii/framework/web/CController.php(309): CInlineAction->runWithParams()
#5 /opt/lampp/htdocs/yii/framework/web/CController.php(287): GreetingController->runAction()
#6 /opt/lampp/htdocs/yii/framework/web/CController.php(266): GreetingController->runActionWithFilters()
#7 /opt/lampp/htdocs/yii/framework/web/CWebApplication.php(276): GreetingController->run()
#8 /opt/lampp/htdocs/yii/framework/web/CWebApplication.php(135): CWebApplication->runController()
#9 /opt/lampp/htdocs/yii/framework/base/CApplication.php(162): CWebApplication->processRequest()
#10 /opt/lampp/htdocs/test/index.php(13): CWebApplication->run()
REQUEST_URI=/test/greeting
in /opt/lampp/htdocs/test/protected/views/greeting/index.php (5)
in /opt/lampp/htdocs/test/protected/controllers/GreetingController.php (9)
in /opt/lampp/htdocs/test/index.php (13)
2012/06/28 07:36:10 [error] [php] Undefined variable: thetime (/opt/lampp/htdocs/test/protected/controllers/MessageController.php:8)
Stack trace:
#0 /opt/lampp/htdocs/yii/framework/web/CController.php(287): MessageController->runAction()
#1 /opt/lampp/htdocs/yii/framework/web/CController.php(266): MessageController->runActionWithFilters()
#2 /opt/lampp/htdocs/yii/framework/web/CWebApplication.php(276): MessageController->run()
#3 /opt/lampp/htdocs/yii/framework/web/CWebApplication.php(135): CWebApplication->runController()
#4 /opt/lampp/htdocs/yii/framework/base/CApplication.php(162): CWebApplication->processRequest()
#5 /opt/lampp/htdocs/test/index.php(13): CWebApplication->run()
REQUEST_URI=/test/message/helloWorld
in /opt/lampp/htdocs/test/protected/controllers/MessageController.php (8)
in /opt/lampp/htdocs/test/index.php (13)
2012/06/28 07:38:11 [error] [php] Undefined variable: theTime (/opt/lampp/htdocs/test/protected/views/message/helloWorld.php:6)
Stack trace:
#0 /opt/lampp/htdocs/yii/framework/web/CController.php(870): MessageController->renderFile()
#1 /opt/lampp/htdocs/yii/framework/web/CController.php(783): MessageController->renderPartial()
#2 /opt/lampp/htdocs/test/protected/controllers/MessageController.php(8): MessageController->render()
#3 /opt/lampp/htdocs/yii/framework/web/actions/CInlineAction.php(50): MessageController->actionHelloWorld()
#4 /opt/lampp/htdocs/yii/framework/web/CController.php(309): CInlineAction->runWithParams()
#5 /opt/lampp/htdocs/yii/framework/web/CController.php(287): MessageController->runAction()
#6 /opt/lampp/htdocs/yii/framework/web/CController.php(266): MessageController->runActionWithFilters()
#7 /opt/lampp/htdocs/yii/framework/web/CWebApplication.php(276): MessageController->run()
#8 /opt/lampp/htdocs/yii/framework/web/CWebApplication.php(135): CWebApplication->runController()
#9 /opt/lampp/htdocs/yii/framework/base/CApplication.php(162): CWebApplication->processRequest()
#10 /opt/lampp/htdocs/test/index.php(13): CWebApplication->run()
REQUEST_URI=/test/message/helloWorld
in /opt/lampp/htdocs/test/protected/views/message/helloWorld.php (6)
in /opt/lampp/htdocs/test/protected/controllers/MessageController.php (8)
in /opt/lampp/htdocs/test/index.php (13)
2012/06/28 07:38:42 [error] [php] Undefined variable: theTime (/opt/lampp/htdocs/test/protected/views/message/helloWorld.php:6)
Stack trace:
#0 /opt/lampp/htdocs/yii/framework/web/CController.php(870): MessageController->renderFile()
#1 /opt/lampp/htdocs/yii/framework/web/CController.php(783): MessageController->renderPartial()
#2 /opt/lampp/htdocs/test/protected/controllers/MessageController.php(8): MessageController->render()
#3 /opt/lampp/htdocs/yii/framework/web/actions/CInlineAction.php(50): MessageController->actionHelloWorld()
#4 /opt/lampp/htdocs/yii/framework/web/CController.php(309): CInlineAction->runWithParams()
#5 /opt/lampp/htdocs/yii/framework/web/CController.php(287): MessageController->runAction()
#6 /opt/lampp/htdocs/yii/framework/web/CController.php(266): MessageController->runActionWithFilters()
#7 /opt/lampp/htdocs/yii/framework/web/CWebApplication.php(276): MessageController->run()
#8 /opt/lampp/htdocs/yii/framework/web/CWebApplication.php(135): CWebApplication->runController()
#9 /opt/lampp/htdocs/yii/framework/base/CApplication.php(162): CWebApplication->processRequest()
#10 /opt/lampp/htdocs/test/index.php(13): CWebApplication->run()
REQUEST_URI=/test/message/helloWorld
in /opt/lampp/htdocs/test/protected/views/message/helloWorld.php (6)
in /opt/lampp/htdocs/test/protected/controllers/MessageController.php (8)
in /opt/lampp/htdocs/test/index.php (13)
2012/06/28 07:38:51 [error] [exception.CException] exception 'CException' with message 'Property "MessageController.theTime" is not defined.' in /opt/lampp/htdocs/yii/framework/base/CComponent.php:131
Stack trace:
#0 /opt/lampp/htdocs/test/protected/views/message/helloWorld.php(6): CComponent->__get('theTime')
#1 /opt/lampp/htdocs/yii/framework/web/CBaseController.php(127): require('/opt/lampp/htdo...')
#2 /opt/lampp/htdocs/yii/framework/web/CBaseController.php(96): CBaseController->renderInternal('/opt/lampp/htdo...', Array, true)
#3 /opt/lampp/htdocs/yii/framework/web/CController.php(870): CBaseController->renderFile('/opt/lampp/htdo...', Array, true)
#4 /opt/lampp/htdocs/yii/framework/web/CController.php(783): CController->renderPartial('helloWorld', Array, true)
#5 /opt/lampp/htdocs/test/protected/controllers/MessageController.php(8): CController->render('helloWorld', Array)
#6 /opt/lampp/htdocs/yii/framework/web/actions/CInlineAction.php(50): MessageController->actionHelloWorld()
#7 /opt/lampp/htdocs/yii/framework/web/CController.php(309): CInlineAction->runWithParams(Array)
#8 /opt/lampp/htdocs/yii/framework/web/CController.php(287): CController->runAction(Object(CInlineAction))
#9 /opt/lampp/htdocs/yii/framework/web/CController.php(266): CController->runActionWithFilters(Object(CInlineAction), Array)
#10 /opt/lampp/htdocs/yii/framework/web/CWebApplication.php(276): CController->run('helloWorld')
#11 /opt/lampp/htdocs/yii/framework/web/CWebApplication.php(135): CWebApplication->runController('message/helloWo...')
#12 /opt/lampp/htdocs/yii/framework/base/CApplication.php(162): CWebApplication->processRequest()
#13 /opt/lampp/htdocs/test/index.php(13): CApplication->run()
#14 {main}
REQUEST_URI=/test/message/helloWorld
---
2012/06/28 08:03:05 [error] [php] Undefined variable: thetime (/opt/lampp/htdocs/test/protected/views/greeting/index.php:5)
Stack trace:
#0 /opt/lampp/htdocs/yii/framework/web/CController.php(870): GreetingController->renderFile()
#1 /opt/lampp/htdocs/yii/framework/web/CController.php(783): GreetingController->renderPartial()
#2 /opt/lampp/htdocs/test/protected/controllers/GreetingController.php(9): GreetingController->render()
#3 /opt/lampp/htdocs/yii/framework/web/actions/CInlineAction.php(50): GreetingController->actionIndex()
#4 /opt/lampp/htdocs/yii/framework/web/CController.php(309): CInlineAction->runWithParams()
#5 /opt/lampp/htdocs/yii/framework/web/CController.php(287): GreetingController->runAction()
#6 /opt/lampp/htdocs/yii/framework/web/CController.php(266): GreetingController->runActionWithFilters()
#7 /opt/lampp/htdocs/yii/framework/web/CWebApplication.php(276): GreetingController->run()
#8 /opt/lampp/htdocs/yii/framework/web/CWebApplication.php(135): CWebApplication->runController()
#9 /opt/lampp/htdocs/yii/framework/base/CApplication.php(162): CWebApplication->processRequest()
#10 /opt/lampp/htdocs/test/index.php(13): CWebApplication->run()
REQUEST_URI=/test/greeting
in /opt/lampp/htdocs/test/protected/views/greeting/index.php (5)
in /opt/lampp/htdocs/test/protected/controllers/GreetingController.php (9)
in /opt/lampp/htdocs/test/index.php (13)
2012/06/28 08:03:37 [error] [php] Undefined variable: thetime (/opt/lampp/htdocs/test/protected/views/greeting/index.php:5)
Stack trace:
#0 /opt/lampp/htdocs/yii/framework/web/CController.php(870): GreetingController->renderFile()
#1 /opt/lampp/htdocs/yii/framework/web/CController.php(783): GreetingController->renderPartial()
#2 /opt/lampp/htdocs/test/protected/controllers/GreetingController.php(9): GreetingController->render()
#3 /opt/lampp/htdocs/yii/framework/web/actions/CInlineAction.php(50): GreetingController->actionIndex()
#4 /opt/lampp/htdocs/yii/framework/web/CController.php(309): CInlineAction->runWithParams()
#5 /opt/lampp/htdocs/yii/framework/web/CController.php(287): GreetingController->runAction()
#6 /opt/lampp/htdocs/yii/framework/web/CController.php(266): GreetingController->runActionWithFilters()
#7 /opt/lampp/htdocs/yii/framework/web/CWebApplication.php(276): GreetingController->run()
#8 /opt/lampp/htdocs/yii/framework/web/CWebApplication.php(135): CWebApplication->runController()
#9 /opt/lampp/htdocs/yii/framework/base/CApplication.php(162): CWebApplication->processRequest()
#10 /opt/lampp/htdocs/test/index.php(13): CWebApplication->run()
REQUEST_URI=/test/greeting
in /opt/lampp/htdocs/test/protected/views/greeting/index.php (5)
in /opt/lampp/htdocs/test/protected/controllers/GreetingController.php (9)
in /opt/lampp/htdocs/test/index.php (13)
2012/06/28 08:07:37 [error] [exception.CHttpException.404] exception 'CHttpException' with message 'The system is unable to find the requested action "index".' in /opt/lampp/htdocs/yii/framework/web/CController.php:484
Stack trace:
#0 /opt/lampp/htdocs/yii/framework/web/CController.php(271): CController->missingAction('')
#1 /opt/lampp/htdocs/yii/framework/web/CWebApplication.php(276): CController->run('')
#2 /opt/lampp/htdocs/yii/framework/web/CWebApplication.php(135): CWebApplication->runController('message')
#3 /opt/lampp/htdocs/yii/framework/base/CApplication.php(162): CWebApplication->processRequest()
#4 /opt/lampp/htdocs/test/index.php(13): CApplication->run()
#5 {main}
REQUEST_URI=/test/message/
---
2012/06/28 08:09:52 [error] [exception.CHttpException.404] exception 'CHttpException' with message 'The system is unable to find the requested action "index".' in /opt/lampp/htdocs/yii/framework/web/CController.php:484
Stack trace:
#0 /opt/lampp/htdocs/yii/framework/web/CController.php(271): CController->missingAction('')
#1 /opt/lampp/htdocs/yii/framework/web/CWebApplication.php(276): CController->run('')
#2 /opt/lampp/htdocs/yii/framework/web/CWebApplication.php(135): CWebApplication->runController('message')
#3 /opt/lampp/htdocs/yii/framework/base/CApplication.php(162): CWebApplication->processRequest()
#4 /opt/lampp/htdocs/test/index.php(13): CApplication->run()
#5 {main}
REQUEST_URI=/test/message/
---
2012/06/28 08:13:15 [error] [exception.CHttpException.404] exception 'CHttpException' with message 'The system is unable to find the requested action "index".' in /opt/lampp/htdocs/yii/framework/web/CController.php:484
Stack trace:
#0 /opt/lampp/htdocs/yii/framework/web/CController.php(271): CController->missingAction('')
#1 /opt/lampp/htdocs/yii/framework/web/CWebApplication.php(276): CController->run('')
#2 /opt/lampp/htdocs/yii/framework/web/CWebApplication.php(135): CWebApplication->runController('message')
#3 /opt/lampp/htdocs/yii/framework/base/CApplication.php(162): CWebApplication->processRequest()
#4 /opt/lampp/htdocs/test/index.php(13): CApplication->run()
#5 {main}
REQUEST_URI=/test/message/
---
